strategy/proguard-project.txt
# To enable ProGuard in your project, edit project.properties
# to define the proguard.config property as described in that file.
#
# Add project specific ProGuard rules here.
# By default, the flags in this file are appended to flags specified
# in ${sdk.dir}/tools/proguard/proguard-android.txt
# You can edit the include path and order by changing the ProGuard
# include property in project.properties.
#
# For more details, see
#   http://developer.android.com/guide/developing/tools/proguard.html

# Add any project specific keep options here:

# If your project uses WebView with JS, uncomment the following
# and specify the fully qualified class name to the JavaScript interface
# class:
-keepclassmembers class fqcn.of.javascript.interface.for.webview {
   public *;
}

-libraryjars libs/Android_SDK.jar
-libraryjars libs/android-support-v4.jar
-libraryjars libs/fastjson-1.1.15.jar
-libraryjars libs/GetuiExt-2.0.3.jar
-libraryjars libs/GetuiSdk2.4.1.0.jar
-libraryjars libs/json_simple-1.1.jar
-libraryjars libs/libammsdk.jar
-libraryjars libs/mid-sdk-2.10.jar
-libraryjars libs/mta-sdk-2.0.2.jar
-libraryjars libs/open_sdk_r3922.jar
-libraryjars libs/universal-image-loader-1.9.4.jar
-libraryjars libs/weibosdkcore.jar
-dontwarn java.awt.**
-dontwarn org.apache.commons.**
-dontwarn org.eclipse.jdt.**

-keep class com.tencent.**{*;} 
-keep class com.tencent.**{*;} 
-keep class com.bccv.strategy.wxapi.**{*;} 
-keep class com.bccv.strategy.ui.view.**{*;} 
-keep class com.huewu.pla.lib.**{*;} 
-keep class com.me.maxwin.view.**{*;} 
-keep class com.nostra13.universalimageloader.**{*;}

-keep class com.bccv.strategy.model.**{*;}

-keepclasseswithmembernames class * { 
native <methods>;
}
-keepclasseswithmembers class * { 
public <init>(android.content.Context, android.util.AttributeSet);
}
-keepclasseswithmembers class * {
public <init>(android.content.Context, android.util.AttributeSet, int);
}
-keepclassmembers class * extends android.app.Activity {
public void *(android.view.View);
}

-keep public class * implements java.io.Serializable {
        public *;
}
 
 -keepclassmembers class **.R$* {
    public static <fields>;
}
 -keep class com.bccv.strategy.R$*{*;}
 
-keepclassmembers class * implements java.io.Serializable {
    static final long serialVersionUID;
    private static final java.io.ObjectStreamField[] serialPersistentFields;
    private void writeObject(java.io.ObjectOutputStream);
    private void readObject(java.io.ObjectInputStream);
    java.lang.Object writeReplace();
    java.lang.Object readResolve();
}
 
#-dontwarn android.support.**
#-dontwarn com.alibaba.fastjson.**

-keepclassmembers enum * {
public static **[] values();
public static ** valueOf(java.lang.String);
}
-keep class * implements android.os.Parcelable {
public static final android.os.Parcelable$Creator *;
}
-keepattributes Signature

-dontwarn com.igexin.**
-keep class com.igexin.**{*;}
-keepattributes Exceptions, InnerClasses
 