strategy/proguard/seeds.txt
com.tencent.a.a.k
com.tencent.a.a.k: com.tencent.a.a.h a
com.tencent.a.a.k: k(com.tencent.a.a.h)
com.tencent.a.a.k: int a(java.io.File,java.io.File)
com.tencent.a.a.k: int compare(java.lang.Object,java.lang.Object)
com.tencent.a.b.a
com.tencent.a.b.a: android.content.Context a
com.tencent.a.b.a: a()
com.tencent.a.b.a: android.content.Context a()
com.tencent.a.b.a: void a(android.content.Context)
com.tencent.a.b.a: java.lang.String b()
com.tencent.a.b.a: java.io.File c()
com.tencent.a.b.b
com.tencent.a.b.b: b()
com.tencent.a.b.b$a
com.tencent.a.b.b$a: java.lang.String a
com.tencent.a.b.b$a: void <clinit>()
com.tencent.a.b.c
com.tencent.a.b.c: c()
com.tencent.a.b.c: boolean a()
com.tencent.a.b.c: com.tencent.a.b.d b()
com.tencent.a.b.d
com.tencent.a.b.d: java.io.File a
com.tencent.a.b.d: long b
com.tencent.a.b.d: long c
com.tencent.a.b.d: d()
com.tencent.a.b.d: java.io.File a()
com.tencent.a.b.d: void a(java.io.File)
com.tencent.a.b.d: long b()
com.tencent.a.b.d: void a(long)
com.tencent.a.b.d: long c()
com.tencent.a.b.d: void b(long)
com.tencent.a.b.d: com.tencent.a.b.d b(java.io.File)
com.tencent.a.b.d: java.lang.String toString()
com.tencent.a.c.a
com.tencent.a.c.a: a()
com.tencent.a.c.a: boolean a(java.io.File)
com.tencent.a.c.b
com.tencent.a.c.b: b()
com.tencent.a.c.b: java.text.SimpleDateFormat a(java.lang.String)
com.tencent.a.c.c
com.tencent.a.c.c: c()
com.tencent.a.c.c$a
com.tencent.a.c.c$a: c$a()
com.tencent.a.c.c$a: boolean a(int,int)
com.tencent.connect.UserInfo
com.tencent.connect.UserInfo: java.lang.String GRAPH_OPEN_ID
com.tencent.connect.UserInfo: UserInfo(android.content.Context,com.tencent.connect.auth.QQToken)
com.tencent.connect.UserInfo: UserInfo(android.content.Context,com.tencent.connect.auth.QQAuth,com.tencent.connect.auth.QQToken)
com.tencent.connect.UserInfo: void getUserInfo(com.tencent.tauth.IUiListener)
com.tencent.connect.UserInfo: void getVipUserInfo(com.tencent.tauth.IUiListener)
com.tencent.connect.UserInfo: void getVipUserRichInfo(com.tencent.tauth.IUiListener)
com.tencent.connect.UserInfo: void getTenPayAddr(com.tencent.tauth.IUiListener)
com.tencent.connect.UserInfo: void getOpenId(com.tencent.tauth.IUiListener)
com.tencent.connect.a.a
com.tencent.connect.a.a: a()
com.tencent.connect.a.a: boolean a(android.content.Context,com.tencent.connect.auth.QQToken)
com.tencent.connect.a.a: void b(android.content.Context,com.tencent.connect.auth.QQToken)
com.tencent.connect.a.a: void c(android.content.Context,com.tencent.connect.auth.QQToken)
com.tencent.connect.a.a: void d(android.content.Context,com.tencent.connect.auth.QQToken)
com.tencent.connect.a.a: void a(android.content.Context,com.tencent.connect.auth.QQToken,java.lang.String,java.lang.String[])