strategy/proguard/mapping.txt
com.bccv.bangyangapp.network.NetResBean -> com.bccv.bangyangapp.network.g:
    java.lang.String TAG -> TAG
    java.lang.String jsonData -> jsonData
    boolean success -> success
    int status_code -> status_code
    void parseData(java.lang.String) -> parseData
    void setData(java.lang.String) -> setData
    java.lang.String toString() -> toString
com.bccv.bangyangapp.network.NetUtil -> com.bccv.bangyangapp.network.h:
    java.lang.String PROXY_IP -> a
    int PROXY_PORT -> b
    boolean checkNetWork(android.content.Context) -> a
    void readAPN(android.content.Context) -> b
    boolean isMobileConnectivity(android.content.Context) -> c
    boolean isWIFIConnectivity(android.content.Context) -> d
com.bccv.bangyangapp.receiver.PushDemoReceiver -> com.bccv.bangyangapp.receiver.PushDemoReceiver:
    void onReceive(android.content.Context,android.content.Intent) -> onReceive
    void gotoAppDetail(android.content.Context,java.lang.String) -> a
com.bccv.bangyangapp.sns.SNSLoginManager -> com.bccv.bangyangapp.sns.a:
    android.content.Context mContext -> b
    com.bccv.bangyangapp.sns.SNSLoginManager$AuthorizingStateListener mAuthorizingStateListener -> a
    com.bccv.bangyangapp.sns.SNSLoginManager mSNSLoginManager -> c
    void init(android.content.Context) -> a
    com.bccv.bangyangapp.sns.SNSLoginManager getInstance() -> a
    void setAuthiringStateListener(com.bccv.bangyangapp.sns.SNSLoginManager$AuthorizingStateListener) -> a
    void authorizeByType(android.app.Activity,int) -> a
    void authorizeByWeiXin(android.content.Context,int) -> a
    void authorizeBySina(android.app.Activity,int) -> b
    void authorizeByQQ(android.app.Activity,int) -> c
    void authorizeByTencentWB(android.app.Activity,int) -> d
    void onActivityResult(android.content.Context,int,int,android.content.Intent) -> a
com.bccv.bangyangapp.sns.SNSLoginManager$AuthorizingStateListener -> com.bccv.bangyangapp.sns.a$a:
    void authrizeAction(int,java.lang.String) -> a
    void onUserInfoComplete(com.bccv.bangyangapp.sns.bean.SNSUserInfo) -> a
com.bccv.bangyangapp.sns.SNSShareManager -> com.bccv.bangyangapp.sns.b:
    java.lang.String TAG -> a
    java.lang.String SINA_WEIBO_LOCALSNSINFO -> b
    java.lang.String TENCENT_WEIBO_LOCALSNSINFO -> c
    android.content.Context mContext -> d
    com.bccv.bangyangapp.sns.SNSShareManager$ShareStateListener mShareStateListener -> e
    com.bccv.bangyangapp.sns.SNSShareManager mSNSShareManager -> f
    void init(android.content.Context) -> a
    com.bccv.bangyangapp.sns.SNSShareManager getInstance() -> a
    void setShareStateListener(com.bccv.bangyangapp.sns.SNSShareManager$ShareStateListener) -> a
    void shareMessage(android.app.Activity,com.bccv.bangyangapp.sns.bean.ShareInfo) -> a
    void share2Sinawb(android.app.Activity,com.bccv.bangyangapp.sns.bean.ShareInfo) -> b
    void share2QQ(android.app.Activity,com.bccv.bangyangapp.sns.bean.ShareInfo) -> c
    void share2QZone(android.app.Activity,com.bccv.bangyangapp.sns.bean.ShareInfo) -> d
    void share2Tencentwb(android.app.Activity,com.bccv.bangyangapp.sns.bean.ShareInfo) -> e
    void share2Weixin(com.bccv.bangyangapp.sns.bean.ShareInfo) -> a
    void share2WeixinFriends(com.bccv.bangyangapp.sns.bean.ShareInfo) -> b
com.bccv.bangyangapp.sns.SNSShareManager$ShareStateListener -> com.bccv.bangyangapp.sns.b$a:
    void shareAction(int,java.lang.String,int) -> a
com.bccv.bangyangapp.sns.ShareConstants -> com.bccv.bangyangapp.sns.c:
    java.lang.String AMAYA_SINA_KEY -> a
    java.lang.String AMAYA_SINA_REDIRECTURL -> b
    java.lang.String AMAYA_QQ_ID -> c
    java.lang.String AMAYA_TENCENT_KEY -> d
    java.lang.String AMAYA_TENCENT_SECRET_KEY -> e
    java.lang.String AMAYA_TENCENT_REDIRECTURI -> f
    boolean AMAYA_TYPE_AUTH -> g
    boolean AMAYA_TYPE_SHARE -> h